INFO :2020-02-14 10:11:54,229 :/home/user/Desktop/santoshi/Fundooo/Loginregistration/views.py :207 :email was sent to fundoo email address 
INFO :2020-02-14 10:14:06,900 :/home/user/Desktop/santoshi/Fundooo/Loginregistration/views.py :207 :email was sent to fundoo email address 
ERROR :2020-02-14 10:19:02,036 :/home/user/Desktop/santoshi/Fundooo/Loginregistration/views.py :213 :something went wrong
ERROR :2020-02-14 10:21:24,233 :/home/user/Desktop/santoshi/Fundooo/Loginregistration/views.py :143 :Failed, Not the Registered username or password
ERROR :2020-02-14 10:21:24,233 :/home/user/Desktop/santoshi/Fundooo/Loginregistration/views.py :144 :They used username: santo and password: test
ERROR :2020-02-14 12:38:08,324 :/home/user/Desktop/santoshi/Fundooo/Loginregistration/views.py :144 :Failed, Not the Registered username or password
ERROR :2020-02-14 12:38:08,326 :/home/user/Desktop/santoshi/Fundooo/Loginregistration/views.py :145 :They used username: None and password: None
ERROR :2020-02-14 12:40:35,002 :/home/user/Desktop/santoshi/Fundooo/Loginregistration/views.py :144 :Failed, Not the Registered username or password
ERROR :2020-02-14 12:40:35,002 :/home/user/Desktop/santoshi/Fundooo/Loginregistration/views.py :145 :They used username: None and password: None
ERROR :2020-02-14 12:40:43,648 :/home/user/Desktop/santoshi/Fundooo/Loginregistration/views.py :144 :Failed, Not the Registered username or password
ERROR :2020-02-14 12:40:43,649 :/home/user/Desktop/santoshi/Fundooo/Loginregistration/views.py :145 :They used username: santo and password: test
ERROR :2020-02-15 06:02:59,470 :/home/user/Desktop/santoshi/Fundooo/Loginregistration/views.py :213 :something went wrong
ERROR :2020-02-15 06:06:09,855 :/home/user/Desktop/santoshi/Fundooo/Loginregistration/views.py :144 :Failed, Not the Registered username or password
ERROR :2020-02-15 06:06:09,855 :/home/user/Desktop/santoshi/Fundooo/Loginregistration/views.py :145 :They used username: fundoo and password: test
ERROR :2020-02-15 06:07:42,236 :/home/user/Desktop/santoshi/Fundooo/Loginregistration/views.py :144 :Failed, Not the Registered username or password
ERROR :2020-02-15 06:07:42,237 :/home/user/Desktop/santoshi/Fundooo/Loginregistration/views.py :145 :They used username: fundoo and password: test123
ERROR :2020-02-15 08:39:22,101 :/home/user/Desktop/santoshi/Fundooo/Loginregistration/views.py :269 :New password not entered
ERROR :2020-02-15 08:39:26,880 :/home/user/Desktop/santoshi/Fundooo/Loginregistration/views.py :274 :New password less than 7 digit
ERROR :2020-02-15 09:14:28,090 :/home/user/Desktop/santoshi/Fundooo/Loginregistration/views.py :286 :New password less than 7 characters
ERROR :2020-02-15 09:14:35,063 :/home/user/Desktop/santoshi/Fundooo/Loginregistration/views.py :280 :New password not entered
